[0.017s] Invoking command in '/home/jhondl/Documents/universidad/2021/Planificacion/colcon_ws/src/navigation_Roboros/build/bt_behavior': CMAKE_PREFIX_PATH=${CMAKE_PREFIX_PATH}:/home/jhondl/colcon_ws/install/ros2controlcli:/home/jhondl/colcon_ws/install/launch_pal:/home/jhondl/colcon_ws/install/intro_py_ros2:/opt/ros/foxy /usr/bin/cmake /home/jhondl/Documents/universidad/2021/Planificacion/colcon_ws/src/navigation_Roboros/bt_behavior -DCMAKE_INSTALL_PREFIX=/home/jhondl/Documents/universidad/2021/Planificacion/colcon_ws/src/navigation_Roboros/install/bt_behavior
[0.084s] -- The C compiler identification is GNU 9.3.0
[0.145s] -- The CXX compiler identification is GNU 9.3.0
[0.153s] -- Check for working C compiler: /usr/bin/cc
[0.228s] -- Check for working C compiler: /usr/bin/cc -- works
[0.229s] -- Detecting C compiler ABI info
[0.304s] -- Detecting C compiler ABI info - done
[0.316s] -- Detecting C compile features
[0.316s] -- Detecting C compile features - done
[0.318s] -- Check for working CXX compiler: /usr/bin/c++
[0.403s] -- Check for working CXX compiler: /usr/bin/c++ -- works
[0.404s] -- Detecting CXX compiler ABI info
[0.487s] -- Detecting CXX compiler ABI info - done
[0.498s] -- Detecting CXX compile features
[0.498s] -- Detecting CXX compile features - done
[0.506s] -- Found ament_cmake: 0.9.9 (/opt/ros/foxy/share/ament_cmake/cmake)
[0.552s] -- Found PythonInterp: /usr/bin/python3 (found suitable version "3.8.10", minimum required is "3") 
[0.552s] -- Using PYTHON_EXECUTABLE: /usr/bin/python3
[0.845s] -- Found rclcpp: 2.4.1 (/opt/ros/foxy/share/rclcpp/cmake)
[0.954s] -- Using all available rosidl_typesupport_c: rosidl_typesupport_fastrtps_c;rosidl_typesupport_introspection_c
[0.977s] -- Found rosidl_adapter: 1.2.1 (/opt/ros/foxy/share/rosidl_adapter/cmake)
[1.122s] -- Found OpenSSL: /usr/lib/x86_64-linux-gnu/libcrypto.so (found version "1.1.1f")  
[1.162s] -- Found FastRTPS: /opt/ros/foxy/include  
[1.282s] -- Using all available rosidl_typesupport_cpp: rosidl_typesupport_fastrtps_cpp;rosidl_typesupport_introspection_cpp
[1.378s] -- Found rmw_implementation_cmake: 1.0.3 (/opt/ros/foxy/share/rmw_implementation_cmake/cmake)
[1.383s] -- Using RMW implementation 'rmw_fastrtps_cpp' as default
[1.384s] -- Looking for pthread.h
[1.466s] -- Looking for pthread.h - found
[1.466s] -- Performing Test CMAKE_HAVE_LIBC_PTHREAD
[1.550s] -- Performing Test CMAKE_HAVE_LIBC_PTHREAD - Failed
[1.550s] -- Looking for pthread_create in pthreads
[1.623s] -- Looking for pthread_create in pthreads - not found
[1.623s] -- Looking for pthread_create in pthread
[1.704s] -- Looking for pthread_create in pthread - found
[1.705s] -- Found Threads: TRUE  
[1.899s] -- Found rclcpp_lifecycle: 2.4.1 (/opt/ros/foxy/share/rclcpp_lifecycle/cmake)
[1.944s] -- Found rclcpp_action: 2.4.1 (/opt/ros/foxy/share/rclcpp_action/cmake)
[2.037s] -- Found behaviortree_cpp_v3: 3.6.0 (/opt/ros/foxy/share/behaviortree_cpp_v3/cmake)
[2.046s] -- Found geometry_msgs: 2.0.5 (/opt/ros/foxy/share/geometry_msgs/cmake)
[2.084s] -- Found nav2_msgs: 0.4.7 (/opt/ros/foxy/share/nav2_msgs/cmake)
[2.379s] -- Found ament_index_cpp: 1.1.0 (/opt/ros/foxy/share/ament_index_cpp/cmake)
[2.384s] -- Found ZMQ: /usr/lib/x86_64-linux-gnu/libzmq.so  
[2.384s] -- ZeroMQ found.
[2.426s] -- Found ament_lint_auto: 0.9.6 (/opt/ros/foxy/share/ament_lint_auto/cmake)
[2.566s] -- Found gtest sources under '/opt/ros/foxy/src/gtest_vendor': C++ tests using 'Google Test' will be built
[2.568s] -- Check if compiler accepts -pthread
[2.648s] -- Check if compiler accepts -pthread - yes
[2.660s] -- Added test 'copyright' to check source files copyright and LICENSE
[2.663s] -- Added test 'cppcheck' to perform static code analysis on C / C++ code
[2.663s] -- Configured cppcheck include dirs: /home/jhondl/Documents/universidad/2021/Planificacion/colcon_ws/src/navigation_Roboros/bt_behavior/include
[2.663s] -- Configured cppcheck exclude dirs and/or files: 
[2.666s] -- Added test 'cpplint' to check C / C++ code against the Google style
[2.666s] -- Configured cpplint exclude dirs and/or files: 
[2.667s] -- Added test 'flake8' to check Python code syntax and style conventions
[2.669s] -- Added test 'lint_cmake' to check CMake code style
[2.671s] -- Added test 'pep257' to check Python code against some of the style conventions in PEP 257
[2.673s] -- Added test 'uncrustify' to check C / C++ code style
[2.673s] -- Configured uncrustify additional arguments: 
[2.675s] -- Added test 'xmllint' to check XML markup files
[2.681s] -- Configuring done
[2.723s] -- Generating done
[2.725s] -- Build files have been written to: /home/jhondl/Documents/universidad/2021/Planificacion/colcon_ws/src/navigation_Roboros/build/bt_behavior
[2.734s] Invoked command in '/home/jhondl/Documents/universidad/2021/Planificacion/colcon_ws/src/navigation_Roboros/build/bt_behavior' returned '0': CMAKE_PREFIX_PATH=${CMAKE_PREFIX_PATH}:/home/jhondl/colcon_ws/install/ros2controlcli:/home/jhondl/colcon_ws/install/launch_pal:/home/jhondl/colcon_ws/install/intro_py_ros2:/opt/ros/foxy /usr/bin/cmake /home/jhondl/Documents/universidad/2021/Planificacion/colcon_ws/src/navigation_Roboros/bt_behavior -DCMAKE_INSTALL_PREFIX=/home/jhondl/Documents/universidad/2021/Planificacion/colcon_ws/src/navigation_Roboros/install/bt_behavior
[2.736s] Invoking command in '/home/jhondl/Documents/universidad/2021/Planificacion/colcon_ws/src/navigation_Roboros/build/bt_behavior': CMAKE_PREFIX_PATH=${CMAKE_PREFIX_PATH}:/home/jhondl/colcon_ws/install/ros2controlcli:/home/jhondl/colcon_ws/install/launch_pal:/home/jhondl/colcon_ws/install/intro_py_ros2:/opt/ros/foxy /usr/bin/cmake --build /home/jhondl/Documents/universidad/2021/Planificacion/colcon_ws/src/navigation_Roboros/build/bt_behavior -- -j12 -l12
[2.790s] [35m[1mScanning dependencies of target br2_move_bt_node[0m
[2.790s] [35m[1mScanning dependencies of target br2_getwaypoint_bt_node[0m
[2.791s] [35m[1mScanning dependencies of target br2_patrol_bt_node[0m
[2.795s] [35m[1mScanning dependencies of target gtest[0m
[2.795s] [35m[1mScanning dependencies of target br2_obstacledetection_bt_node[0m
[2.795s] [35m[1mScanning dependencies of target patrolling_main[0m
[2.795s] [35m[1mScanning dependencies of target gtest_main[0m
[2.824s] [  6%] [32mBuilding CXX object gtest/CMakeFiles/gtest_main.dir/src/gtest_main.cc.o[0m
[2.828s] [ 12%] [32mBuilding CXX object gtest/CMakeFiles/gtest.dir/src/gtest-all.cc.o[0m
[2.849s] [ 18%] [32mBuilding CXX object CMakeFiles/patrolling_main.dir/src/patrolling_main.cpp.o[0m
[2.852s] [ 25%] [32mBuilding CXX object CMakeFiles/br2_patrol_bt_node.dir/src/bt_behavior/Patrol.cpp.o[0m
[2.859s] [ 31%] [32mBuilding CXX object CMakeFiles/br2_getwaypoint_bt_node.dir/src/bt_behavior/GetWaypoint.cpp.o[0m
[2.861s] [ 37%] [32mBuilding CXX object CMakeFiles/br2_move_bt_node.dir/src/bt_behavior/Move.cpp.o[0m
[2.864s] [ 43%] [32mBuilding CXX object CMakeFiles/br2_obstacledetection_bt_node.dir/src/bt_behavior/ObstacleDetection.cpp.o[0m
[3.062s] In file included from [01m[K/home/jhondl/Documents/universidad/2021/Planificacion/colcon_ws/src/navigation_Roboros/bt_behavior/src/bt_behavior/Move.cpp:20[m[K:
[3.062s] [01m[K/home/jhondl/Documents/universidad/2021/Planificacion/colcon_ws/src/navigation_Roboros/bt_behavior/include/bt_behavior/Move.hpp:27:10:[m[K [01;31m[Kfatal error: [m[Knav2_msgs/odometry.h: No such file or directory
[3.062s]    27 | #include [01;31m[K"nav2_msgs/odometry.h"[m[K
[3.063s]       |          [01;31m[K^~~~~~~~~~~~~~~~~~~~~~[m[K
[3.063s] compilation terminated.
[3.065s] make[2]: *** [CMakeFiles/br2_move_bt_node.dir/build.make:63: CMakeFiles/br2_move_bt_node.dir/src/bt_behavior/Move.cpp.o] Error 1
[3.066s] make[1]: *** [CMakeFiles/Makefile2:181: CMakeFiles/br2_move_bt_node.dir/all] Error 2
[3.066s] make[1]: *** Waiting for unfinished jobs....
[4.378s] [ 50%] [32m[1mLinking CXX static library libgtest_main.a[0m
[4.427s] [ 50%] Built target gtest_main
[6.201s] [ 56%] [32m[1mLinking CXX shared library libbr2_obstacledetection_bt_node.so[0m
[6.387s] [ 56%] Built target br2_obstacledetection_bt_node
[6.866s] [ 62%] [32m[1mLinking CXX shared library libbr2_getwaypoint_bt_node.so[0m
[6.930s] [ 68%] [32m[1mLinking CXX executable patrolling_main[0m
[7.052s] [ 68%] Built target br2_getwaypoint_bt_node
[7.160s] [ 68%] Built target patrolling_main
[7.180s] [ 75%] [32m[1mLinking CXX static library libgtest.a[0m
[7.196s] [ 81%] [32m[1mLinking CXX shared library libbr2_patrol_bt_node.so[0m
[7.251s] [ 81%] Built target gtest
[7.398s] [ 81%] Built target br2_patrol_bt_node
[7.399s] make: *** [Makefile:141: all] Error 2
[7.400s] Invoked command in '/home/jhondl/Documents/universidad/2021/Planificacion/colcon_ws/src/navigation_Roboros/build/bt_behavior' returned '2': CMAKE_PREFIX_PATH=${CMAKE_PREFIX_PATH}:/home/jhondl/colcon_ws/install/ros2controlcli:/home/jhondl/colcon_ws/install/launch_pal:/home/jhondl/colcon_ws/install/intro_py_ros2:/opt/ros/foxy /usr/bin/cmake --build /home/jhondl/Documents/universidad/2021/Planificacion/colcon_ws/src/navigation_Roboros/build/bt_behavior -- -j12 -l12
