<?xml version="1.0" encoding="UTF-8"?>
<Site BuildName="(empty)"
	BuildStamp="20220225-1223-Experimental"
	Name="carlos-rob"
	Generator="ctest-3.16.3"
	CompilerName="/usr/bin/c++"
	CompilerVersion="9.3.0"
	OSName="Linux"
	Hostname="carlos-rob"
	OSRelease="5.13.0-30-generic"
	OSVersion="#33~20.04.1-Ubuntu SMP Mon Feb 7 14:25:10 UTC 2022"
	OSPlatform="x86_64"
	Is64Bits="1"
	VendorString="AuthenticAMD"
	VendorID="Advanced Micro Devices"
	FamilyID="23"
	ModelID="24"
	ProcessorCacheSize="512"
	NumberOfLogicalCPU="8"
	NumberOfPhysicalCPU="4"
	TotalVirtualMemory="2047"
	TotalPhysicalMemory="15804"
	LogicalProcessorsPerPhysical="2"
	ProcessorClockFrequency="1400"
	>
	<Testing>
		<StartDateTime>Feb 25 13:23 CET</StartDateTime>
		<StartTestTime>1645791795</StartTestTime>
		<TestList>
			<Test>./copyright</Test>
			<Test>./cppcheck</Test>
			<Test>./cpplint</Test>
			<Test>./flake8</Test>
			<Test>./lint_cmake</Test>
			<Test>./pep257</Test>
			<Test>./uncrustify</Test>
			<Test>./xmllint</Test>
			<Test>./tests/bt_action_test</Test>
		</TestList>
		<Test Status="passed">
			<Name>copyright</Name>
			<Path>.</Path>
			<FullName>./copyright</FullName>
			<FullCommandLine>/usr/bin/python3 "-u" "/opt/ros/foxy/share/ament_cmake_test/cmake/run_test.py" "/home/carlos/colcon.ws/src/navigation_Roboros/build/bt_behavior/test_results/bt_behavior/copyright.xunit.xml" "--package-name" "bt_behavior" "--output-file" "/home/carlos/colcon.ws/src/navigation_Roboros/build/bt_behavior/ament_copyright/copyright.txt" "--command" "/opt/ros/foxy/bin/ament_copyright" "--xunit-file" "/home/carlos/colcon.ws/src/navigation_Roboros/build/bt_behavior/test_results/bt_behavior/copyright.xunit.xml"</FullCommandLine>
			<Results>
				<NamedMeasurement type="numeric/double" name="Execution Time">
					<Value>0.546068</Value>
				</NamedMeasurement>
				<NamedMeasurement type="numeric/double" name="Processors">
					<Value>1</Value>
				</NamedMeasurement>
				<NamedMeasurement type="text/string" name="Completion Status">
					<Value>Completed</Value>
				</NamedMeasurement>
				<NamedMeasurement type="text/string" name="Command Line">
					<Value>/usr/bin/python3 "-u" "/opt/ros/foxy/share/ament_cmake_test/cmake/run_test.py" "/home/carlos/colcon.ws/src/navigation_Roboros/build/bt_behavior/test_results/bt_behavior/copyright.xunit.xml" "--package-name" "bt_behavior" "--output-file" "/home/carlos/colcon.ws/src/navigation_Roboros/build/bt_behavior/ament_copyright/copyright.txt" "--command" "/opt/ros/foxy/bin/ament_copyright" "--xunit-file" "/home/carlos/colcon.ws/src/navigation_Roboros/build/bt_behavior/test_results/bt_behavior/copyright.xunit.xml"</Value>
				</NamedMeasurement>
				<Measurement>
					<Value>-- run_test.py: invoking following command in '/home/carlos/colcon.ws/src/navigation_Roboros/bt_behavior':
 - /opt/ros/foxy/bin/ament_copyright --xunit-file /home/carlos/colcon.ws/src/navigation_Roboros/build/bt_behavior/test_results/bt_behavior/copyright.xunit.xml
No problems found, checked 10 files
-- run_test.py: return code 0
-- run_test.py: verify result file '/home/carlos/colcon.ws/src/navigation_Roboros/build/bt_behavior/test_results/bt_behavior/copyright.xunit.xml'
</Value>
				</Measurement>
			</Results>
			<Labels>
				<Label>copyright</Label>
				<Label>linter</Label>
			</Labels>
		</Test>
		<Test Status="passed">
			<Name>cppcheck</Name>
			<Path>.</Path>
			<FullName>./cppcheck</FullName>
			<FullCommandLine>/usr/bin/python3 "-u" "/opt/ros/foxy/share/ament_cmake_test/cmake/run_test.py" "/home/carlos/colcon.ws/src/navigation_Roboros/build/bt_behavior/test_results/bt_behavior/cppcheck.xunit.xml" "--package-name" "bt_behavior" "--output-file" "/home/carlos/colcon.ws/src/navigation_Roboros/build/bt_behavior/ament_cppcheck/cppcheck.txt" "--command" "/opt/ros/foxy/bin/ament_cppcheck" "--xunit-file" "/home/carlos/colcon.ws/src/navigation_Roboros/build/bt_behavior/test_results/bt_behavior/cppcheck.xunit.xml" "--include_dirs" "/home/carlos/colcon.ws/src/navigation_Roboros/bt_behavior/include"</FullCommandLine>
			<Results>
				<NamedMeasurement type="numeric/double" name="Execution Time">
					<Value>0.604193</Value>
				</NamedMeasurement>
				<NamedMeasurement type="numeric/double" name="Processors">
					<Value>1</Value>
				</NamedMeasurement>
				<NamedMeasurement type="text/string" name="Completion Status">
					<Value>Completed</Value>
				</NamedMeasurement>
				<NamedMeasurement type="text/string" name="Command Line">
					<Value>/usr/bin/python3 "-u" "/opt/ros/foxy/share/ament_cmake_test/cmake/run_test.py" "/home/carlos/colcon.ws/src/navigation_Roboros/build/bt_behavior/test_results/bt_behavior/cppcheck.xunit.xml" "--package-name" "bt_behavior" "--output-file" "/home/carlos/colcon.ws/src/navigation_Roboros/build/bt_behavior/ament_cppcheck/cppcheck.txt" "--command" "/opt/ros/foxy/bin/ament_cppcheck" "--xunit-file" "/home/carlos/colcon.ws/src/navigation_Roboros/build/bt_behavior/test_results/bt_behavior/cppcheck.xunit.xml" "--include_dirs" "/home/carlos/colcon.ws/src/navigation_Roboros/bt_behavior/include"</Value>
				</NamedMeasurement>
				<Measurement>
					<Value>-- run_test.py: invoking following command in '/home/carlos/colcon.ws/src/navigation_Roboros/bt_behavior':
 - /opt/ros/foxy/bin/ament_cppcheck --xunit-file /home/carlos/colcon.ws/src/navigation_Roboros/build/bt_behavior/test_results/bt_behavior/cppcheck.xunit.xml --include_dirs /home/carlos/colcon.ws/src/navigation_Roboros/bt_behavior/include
No problems found
-- run_test.py: return code 0
-- run_test.py: verify result file '/home/carlos/colcon.ws/src/navigation_Roboros/build/bt_behavior/test_results/bt_behavior/cppcheck.xunit.xml'
</Value>
				</Measurement>
			</Results>
			<Labels>
				<Label>cppcheck</Label>
				<Label>linter</Label>
			</Labels>
		</Test>
		<Test Status="passed">
			<Name>cpplint</Name>
			<Path>.</Path>
			<FullName>./cpplint</FullName>
			<FullCommandLine>/usr/bin/python3 "-u" "/opt/ros/foxy/share/ament_cmake_test/cmake/run_test.py" "/home/carlos/colcon.ws/src/navigation_Roboros/build/bt_behavior/test_results/bt_behavior/cpplint.xunit.xml" "--package-name" "bt_behavior" "--output-file" "/home/carlos/colcon.ws/src/navigation_Roboros/build/bt_behavior/ament_cpplint/cpplint.txt" "--command" "/opt/ros/foxy/bin/ament_cpplint" "--xunit-file" "/home/carlos/colcon.ws/src/navigation_Roboros/build/bt_behavior/test_results/bt_behavior/cpplint.xunit.xml"</FullCommandLine>
			<Results>
				<NamedMeasurement type="numeric/double" name="Execution Time">
					<Value>0.867413</Value>
				</NamedMeasurement>
				<NamedMeasurement type="numeric/double" name="Processors">
					<Value>1</Value>
				</NamedMeasurement>
				<NamedMeasurement type="text/string" name="Completion Status">
					<Value>Completed</Value>
				</NamedMeasurement>
				<NamedMeasurement type="text/string" name="Command Line">
					<Value>/usr/bin/python3 "-u" "/opt/ros/foxy/share/ament_cmake_test/cmake/run_test.py" "/home/carlos/colcon.ws/src/navigation_Roboros/build/bt_behavior/test_results/bt_behavior/cpplint.xunit.xml" "--package-name" "bt_behavior" "--output-file" "/home/carlos/colcon.ws/src/navigation_Roboros/build/bt_behavior/ament_cpplint/cpplint.txt" "--command" "/opt/ros/foxy/bin/ament_cpplint" "--xunit-file" "/home/carlos/colcon.ws/src/navigation_Roboros/build/bt_behavior/test_results/bt_behavior/cpplint.xunit.xml"</Value>
				</NamedMeasurement>
				<Measurement>
					<Value>-- run_test.py: invoking following command in '/home/carlos/colcon.ws/src/navigation_Roboros/bt_behavior':
 - /opt/ros/foxy/bin/ament_cpplint --xunit-file /home/carlos/colcon.ws/src/navigation_Roboros/build/bt_behavior/test_results/bt_behavior/cpplint.xunit.xml
Using '--root=..' argument

Done processing /home/carlos/colcon.ws/src/navigation_Roboros/bt_behavior/tests/bt_action_test.cpp

Using '--root=/home/carlos/colcon.ws/src/navigation_Roboros/bt_behavior/include' argument

Done processing /home/carlos/colcon.ws/src/navigation_Roboros/bt_behavior/include/bt_behavior/Move.hpp

Done processing /home/carlos/colcon.ws/src/navigation_Roboros/bt_behavior/include/bt_behavior/Patrol.hpp

Done processing /home/carlos/colcon.ws/src/navigation_Roboros/bt_behavior/include/bt_behavior/ctrl_support/BTActionNode.hpp

Done processing /home/carlos/colcon.ws/src/navigation_Roboros/bt_behavior/include/bt_behavior/ctrl_support/BTLifecycleCtrlNode.hpp

Using '--root=/home/carlos/colcon.ws/src/navigation_Roboros/bt_behavior/src' argument

Done processing /home/carlos/colcon.ws/src/navigation_Roboros/bt_behavior/src/patrolling_main.cpp

Done processing /home/carlos/colcon.ws/src/navigation_Roboros/bt_behavior/src/bt_behavior/Move.cpp

Done processing /home/carlos/colcon.ws/src/navigation_Roboros/bt_behavior/src/bt_behavior/Patrol.cpp

No problems found
-- run_test.py: return code 0
-- run_test.py: verify result file '/home/carlos/colcon.ws/src/navigation_Roboros/build/bt_behavior/test_results/bt_behavior/cpplint.xunit.xml'
</Value>
				</Measurement>
			</Results>
			<Labels>
				<Label>cpplint</Label>
				<Label>linter</Label>
			</Labels>
		</Test>
		<Test Status="passed">
			<Name>flake8</Name>
			<Path>.</Path>
			<FullName>./flake8</FullName>
			<FullCommandLine>/usr/bin/python3 "-u" "/opt/ros/foxy/share/ament_cmake_test/cmake/run_test.py" "/home/carlos/colcon.ws/src/navigation_Roboros/build/bt_behavior/test_results/bt_behavior/flake8.xunit.xml" "--package-name" "bt_behavior" "--output-file" "/home/carlos/colcon.ws/src/navigation_Roboros/build/bt_behavior/ament_flake8/flake8.txt" "--command" "/opt/ros/foxy/bin/ament_flake8" "--xunit-file" "/home/carlos/colcon.ws/src/navigation_Roboros/build/bt_behavior/test_results/bt_behavior/flake8.xunit.xml"</FullCommandLine>
			<Results>
				<NamedMeasurement type="numeric/double" name="Execution Time">
					<Value>0.7399</Value>
				</NamedMeasurement>
				<NamedMeasurement type="numeric/double" name="Processors">
					<Value>1</Value>
				</NamedMeasurement>
				<NamedMeasurement type="text/string" name="Completion Status">
					<Value>Completed</Value>
				</NamedMeasurement>
				<NamedMeasurement type="text/string" name="Command Line">
					<Value>/usr/bin/python3 "-u" "/opt/ros/foxy/share/ament_cmake_test/cmake/run_test.py" "/home/carlos/colcon.ws/src/navigation_Roboros/build/bt_behavior/test_results/bt_behavior/flake8.xunit.xml" "--package-name" "bt_behavior" "--output-file" "/home/carlos/colcon.ws/src/navigation_Roboros/build/bt_behavior/ament_flake8/flake8.txt" "--command" "/opt/ros/foxy/bin/ament_flake8" "--xunit-file" "/home/carlos/colcon.ws/src/navigation_Roboros/build/bt_behavior/test_results/bt_behavior/flake8.xunit.xml"</Value>
				</NamedMeasurement>
				<Measurement>
					<Value>-- run_test.py: invoking following command in '/home/carlos/colcon.ws/src/navigation_Roboros/bt_behavior':
 - /opt/ros/foxy/bin/ament_flake8 --xunit-file /home/carlos/colcon.ws/src/navigation_Roboros/build/bt_behavior/test_results/bt_behavior/flake8.xunit.xml

1 files checked
No problems found

Checked files:

* ./launch/patrolling.launch.py
-- run_test.py: return code 0
-- run_test.py: verify result file '/home/carlos/colcon.ws/src/navigation_Roboros/build/bt_behavior/test_results/bt_behavior/flake8.xunit.xml'
</Value>
				</Measurement>
			</Results>
			<Labels>
				<Label>flake8</Label>
				<Label>linter</Label>
			</Labels>
		</Test>
		<Test Status="passed">
			<Name>lint_cmake</Name>
			<Path>.</Path>
			<FullName>./lint_cmake</FullName>
			<FullCommandLine>/usr/bin/python3 "-u" "/opt/ros/foxy/share/ament_cmake_test/cmake/run_test.py" "/home/carlos/colcon.ws/src/navigation_Roboros/build/bt_behavior/test_results/bt_behavior/lint_cmake.xunit.xml" "--package-name" "bt_behavior" "--output-file" "/home/carlos/colcon.ws/src/navigation_Roboros/build/bt_behavior/ament_lint_cmake/lint_cmake.txt" "--command" "/opt/ros/foxy/bin/ament_lint_cmake" "--xunit-file" "/home/carlos/colcon.ws/src/navigation_Roboros/build/bt_behavior/test_results/bt_behavior/lint_cmake.xunit.xml"</FullCommandLine>
			<Results>
				<NamedMeasurement type="numeric/double" name="Execution Time">
					<Value>0.499665</Value>
				</NamedMeasurement>
				<NamedMeasurement type="numeric/double" name="Processors">
					<Value>1</Value>
				</NamedMeasurement>
				<NamedMeasurement type="text/string" name="Completion Status">
					<Value>Completed</Value>
				</NamedMeasurement>
				<NamedMeasurement type="text/string" name="Command Line">
					<Value>/usr/bin/python3 "-u" "/opt/ros/foxy/share/ament_cmake_test/cmake/run_test.py" "/home/carlos/colcon.ws/src/navigation_Roboros/build/bt_behavior/test_results/bt_behavior/lint_cmake.xunit.xml" "--package-name" "bt_behavior" "--output-file" "/home/carlos/colcon.ws/src/navigation_Roboros/build/bt_behavior/ament_lint_cmake/lint_cmake.txt" "--command" "/opt/ros/foxy/bin/ament_lint_cmake" "--xunit-file" "/home/carlos/colcon.ws/src/navigation_Roboros/build/bt_behavior/test_results/bt_behavior/lint_cmake.xunit.xml"</Value>
				</NamedMeasurement>
				<Measurement>
					<Value>-- run_test.py: invoking following command in '/home/carlos/colcon.ws/src/navigation_Roboros/bt_behavior':
 - /opt/ros/foxy/bin/ament_lint_cmake --xunit-file /home/carlos/colcon.ws/src/navigation_Roboros/build/bt_behavior/test_results/bt_behavior/lint_cmake.xunit.xml

No problems found
-- run_test.py: return code 0
-- run_test.py: verify result file '/home/carlos/colcon.ws/src/navigation_Roboros/build/bt_behavior/test_results/bt_behavior/lint_cmake.xunit.xml'
</Value>
				</Measurement>
			</Results>
			<Labels>
				<Label>lint_cmake</Label>
				<Label>linter</Label>
			</Labels>
		</Test>
		<Test Status="passed">
			<Name>pep257</Name>
			<Path>.</Path>
			<FullName>./pep257</FullName>
			<FullCommandLine>/usr/bin/python3 "-u" "/opt/ros/foxy/share/ament_cmake_test/cmake/run_test.py" "/home/carlos/colcon.ws/src/navigation_Roboros/build/bt_behavior/test_results/bt_behavior/pep257.xunit.xml" "--package-name" "bt_behavior" "--output-file" "/home/carlos/colcon.ws/src/navigation_Roboros/build/bt_behavior/ament_pep257/pep257.txt" "--command" "/opt/ros/foxy/bin/ament_pep257" "--xunit-file" "/home/carlos/colcon.ws/src/navigation_Roboros/build/bt_behavior/test_results/bt_behavior/pep257.xunit.xml"</FullCommandLine>
			<Results>
				<NamedMeasurement type="numeric/double" name="Execution Time">
					<Value>0.625492</Value>
				</NamedMeasurement>
				<NamedMeasurement type="numeric/double" name="Processors">
					<Value>1</Value>
				</NamedMeasurement>
				<NamedMeasurement type="text/string" name="Completion Status">
					<Value>Completed</Value>
				</NamedMeasurement>
				<NamedMeasurement type="text/string" name="Command Line">
					<Value>/usr/bin/python3 "-u" "/opt/ros/foxy/share/ament_cmake_test/cmake/run_test.py" "/home/carlos/colcon.ws/src/navigation_Roboros/build/bt_behavior/test_results/bt_behavior/pep257.xunit.xml" "--package-name" "bt_behavior" "--output-file" "/home/carlos/colcon.ws/src/navigation_Roboros/build/bt_behavior/ament_pep257/pep257.txt" "--command" "/opt/ros/foxy/bin/ament_pep257" "--xunit-file" "/home/carlos/colcon.ws/src/navigation_Roboros/build/bt_behavior/test_results/bt_behavior/pep257.xunit.xml"</Value>
				</NamedMeasurement>
				<Measurement>
					<Value>-- run_test.py: invoking following command in '/home/carlos/colcon.ws/src/navigation_Roboros/bt_behavior':
 - /opt/ros/foxy/bin/ament_pep257 --xunit-file /home/carlos/colcon.ws/src/navigation_Roboros/build/bt_behavior/test_results/bt_behavior/pep257.xunit.xml
checking ./launch/patrolling.launch.py
No problems found
-- run_test.py: return code 0
-- run_test.py: verify result file '/home/carlos/colcon.ws/src/navigation_Roboros/build/bt_behavior/test_results/bt_behavior/pep257.xunit.xml'
</Value>
				</Measurement>
			</Results>
			<Labels>
				<Label>linter</Label>
				<Label>pep257</Label>
			</Labels>
		</Test>
		<Test Status="passed">
			<Name>uncrustify</Name>
			<Path>.</Path>
			<FullName>./uncrustify</FullName>
			<FullCommandLine>/usr/bin/python3 "-u" "/opt/ros/foxy/share/ament_cmake_test/cmake/run_test.py" "/home/carlos/colcon.ws/src/navigation_Roboros/build/bt_behavior/test_results/bt_behavior/uncrustify.xunit.xml" "--package-name" "bt_behavior" "--output-file" "/home/carlos/colcon.ws/src/navigation_Roboros/build/bt_behavior/ament_uncrustify/uncrustify.txt" "--command" "/opt/ros/foxy/bin/ament_uncrustify" "--xunit-file" "/home/carlos/colcon.ws/src/navigation_Roboros/build/bt_behavior/test_results/bt_behavior/uncrustify.xunit.xml"</FullCommandLine>
			<Results>
				<NamedMeasurement type="numeric/double" name="Execution Time">
					<Value>0.584428</Value>
				</NamedMeasurement>
				<NamedMeasurement type="numeric/double" name="Processors">
					<Value>1</Value>
				</NamedMeasurement>
				<NamedMeasurement type="text/string" name="Completion Status">
					<Value>Completed</Value>
				</NamedMeasurement>
				<NamedMeasurement type="text/string" name="Command Line">
					<Value>/usr/bin/python3 "-u" "/opt/ros/foxy/share/ament_cmake_test/cmake/run_test.py" "/home/carlos/colcon.ws/src/navigation_Roboros/build/bt_behavior/test_results/bt_behavior/uncrustify.xunit.xml" "--package-name" "bt_behavior" "--output-file" "/home/carlos/colcon.ws/src/navigation_Roboros/build/bt_behavior/ament_uncrustify/uncrustify.txt" "--command" "/opt/ros/foxy/bin/ament_uncrustify" "--xunit-file" "/home/carlos/colcon.ws/src/navigation_Roboros/build/bt_behavior/test_results/bt_behavior/uncrustify.xunit.xml"</Value>
				</NamedMeasurement>
				<Measurement>
					<Value>-- run_test.py: invoking following command in '/home/carlos/colcon.ws/src/navigation_Roboros/bt_behavior':
 - /opt/ros/foxy/bin/ament_uncrustify --xunit-file /home/carlos/colcon.ws/src/navigation_Roboros/build/bt_behavior/test_results/bt_behavior/uncrustify.xunit.xml
No code style divergence in file 'include/bt_behavior/Move.hpp'

No code style divergence in file 'include/bt_behavior/Patrol.hpp'

No code style divergence in file 'include/bt_behavior/ctrl_support/BTActionNode.hpp'

No code style divergence in file 'include/bt_behavior/ctrl_support/BTLifecycleCtrlNode.hpp'

No code style divergence in file 'src/bt_behavior/Move.cpp'

No code style divergence in file 'src/bt_behavior/Patrol.cpp'

No code style divergence in file 'src/patrolling_main.cpp'

No code style divergence in file 'tests/bt_action_test.cpp'

No problems found
-- run_test.py: return code 0
-- run_test.py: verify result file '/home/carlos/colcon.ws/src/navigation_Roboros/build/bt_behavior/test_results/bt_behavior/uncrustify.xunit.xml'
</Value>
				</Measurement>
			</Results>
			<Labels>
				<Label>linter</Label>
				<Label>uncrustify</Label>
			</Labels>
		</Test>
		<Test Status="passed">
			<Name>xmllint</Name>
			<Path>.</Path>
			<FullName>./xmllint</FullName>
			<FullCommandLine>/usr/bin/python3 "-u" "/opt/ros/foxy/share/ament_cmake_test/cmake/run_test.py" "/home/carlos/colcon.ws/src/navigation_Roboros/build/bt_behavior/test_results/bt_behavior/xmllint.xunit.xml" "--package-name" "bt_behavior" "--output-file" "/home/carlos/colcon.ws/src/navigation_Roboros/build/bt_behavior/ament_xmllint/xmllint.txt" "--command" "/opt/ros/foxy/bin/ament_xmllint" "--xunit-file" "/home/carlos/colcon.ws/src/navigation_Roboros/build/bt_behavior/test_results/bt_behavior/xmllint.xunit.xml"</FullCommandLine>
			<Results>
				<NamedMeasurement type="numeric/double" name="Execution Time">
					<Value>1.29596</Value>
				</NamedMeasurement>
				<NamedMeasurement type="numeric/double" name="Processors">
					<Value>1</Value>
				</NamedMeasurement>
				<NamedMeasurement type="text/string" name="Completion Status">
					<Value>Completed</Value>
				</NamedMeasurement>
				<NamedMeasurement type="text/string" name="Command Line">
					<Value>/usr/bin/python3 "-u" "/opt/ros/foxy/share/ament_cmake_test/cmake/run_test.py" "/home/carlos/colcon.ws/src/navigation_Roboros/build/bt_behavior/test_results/bt_behavior/xmllint.xunit.xml" "--package-name" "bt_behavior" "--output-file" "/home/carlos/colcon.ws/src/navigation_Roboros/build/bt_behavior/ament_xmllint/xmllint.txt" "--command" "/opt/ros/foxy/bin/ament_xmllint" "--xunit-file" "/home/carlos/colcon.ws/src/navigation_Roboros/build/bt_behavior/test_results/bt_behavior/xmllint.xunit.xml"</Value>
				</NamedMeasurement>
				<Measurement>
					<Value>-- run_test.py: invoking following command in '/home/carlos/colcon.ws/src/navigation_Roboros/bt_behavior':
 - /opt/ros/foxy/bin/ament_xmllint --xunit-file /home/carlos/colcon.ws/src/navigation_Roboros/build/bt_behavior/test_results/bt_behavior/xmllint.xunit.xml
File 'package.xml' is valid

File 'behavior_tree_xml/behavior.xml' is valid

No problems found
-- run_test.py: return code 0
-- run_test.py: verify result file '/home/carlos/colcon.ws/src/navigation_Roboros/build/bt_behavior/test_results/bt_behavior/xmllint.xunit.xml'
</Value>
				</Measurement>
			</Results>
			<Labels>
				<Label>linter</Label>
				<Label>xmllint</Label>
			</Labels>
		</Test>
		<Test Status="passed">
			<Name>bt_action_test</Name>
			<Path>./tests</Path>
			<FullName>./tests/bt_action_test</FullName>
			<FullCommandLine>/usr/bin/python3 "-u" "/opt/ros/foxy/share/ament_cmake_test/cmake/run_test.py" "/home/carlos/colcon.ws/src/navigation_Roboros/build/bt_behavior/test_results/bt_behavior/bt_action_test.gtest.xml" "--package-name" "bt_behavior" "--output-file" "/home/carlos/colcon.ws/src/navigation_Roboros/build/bt_behavior/ament_cmake_gtest/bt_action_test.txt" "--command" "/home/carlos/colcon.ws/src/navigation_Roboros/build/bt_behavior/tests/bt_action_test" "--gtest_output=xml:/home/carlos/colcon.ws/src/navigation_Roboros/build/bt_behavior/test_results/bt_behavior/bt_action_test.gtest.xml"</FullCommandLine>
			<Results>
				<NamedMeasurement type="numeric/double" name="Execution Time">
					<Value>21.691</Value>
				</NamedMeasurement>
				<NamedMeasurement type="numeric/double" name="Processors">
					<Value>1</Value>
				</NamedMeasurement>
				<NamedMeasurement type="text/string" name="Completion Status">
					<Value>Completed</Value>
				</NamedMeasurement>
				<NamedMeasurement type="text/string" name="Command Line">
					<Value>/usr/bin/python3 "-u" "/opt/ros/foxy/share/ament_cmake_test/cmake/run_test.py" "/home/carlos/colcon.ws/src/navigation_Roboros/build/bt_behavior/test_results/bt_behavior/bt_action_test.gtest.xml" "--package-name" "bt_behavior" "--output-file" "/home/carlos/colcon.ws/src/navigation_Roboros/build/bt_behavior/ament_cmake_gtest/bt_action_test.txt" "--command" "/home/carlos/colcon.ws/src/navigation_Roboros/build/bt_behavior/tests/bt_action_test" "--gtest_output=xml:/home/carlos/colcon.ws/src/navigation_Roboros/build/bt_behavior/test_results/bt_behavior/bt_action_test.gtest.xml"</Value>
				</NamedMeasurement>
				<Measurement>
					<Value>-- run_test.py: invoking following command in '/home/carlos/colcon.ws/src/navigation_Roboros/build/bt_behavior/tests':
 - /home/carlos/colcon.ws/src/navigation_Roboros/build/bt_behavior/tests/bt_action_test --gtest_output=xml:/home/carlos/colcon.ws/src/navigation_Roboros/build/bt_behavior/test_results/bt_behavior/bt_action_test.gtest.xml
[==========] Running 2 tests from 1 test case.
[----------] Global test environment set-up.
[----------] 2 tests from bt_action
[ RUN      ] bt_action.patrol_btn
Patrol halt
Patrol halt
[       OK ] bt_action.patrol_btn (15142 ms)
[ RUN      ] bt_action.move_btn
[INFO] [1645791816.900491476] [move_btn_node]: Waiting for "navigate_to_pose" action server
[INFO] [1645791816.900736224] [move_btn_node]: "move" BtActionNode initialized
[INFO] [1645791816.902959530] [move_btn_node]: Waiting for "navigate_to_pose" action server
[INFO] [1645791823.101164219] [move_btn_node]: navigation Suceeded
[       OK ] bt_action.move_btn (6335 ms)
[----------] 2 tests from bt_action (21477 ms total)

[----------] Global test environment tear-down
[==========] 2 tests from 1 test case ran. (21477 ms total)
[  PASSED  ] 2 tests.
-- run_test.py: return code 0
-- run_test.py: inject classname prefix into gtest result file '/home/carlos/colcon.ws/src/navigation_Roboros/build/bt_behavior/test_results/bt_behavior/bt_action_test.gtest.xml'
-- run_test.py: verify result file '/home/carlos/colcon.ws/src/navigation_Roboros/build/bt_behavior/test_results/bt_behavior/bt_action_test.gtest.xml'
</Value>
				</Measurement>
			</Results>
			<Labels>
				<Label>gtest</Label>
			</Labels>
		</Test>
		<EndDateTime>Feb 25 13:23 CET</EndDateTime>
		<EndTestTime>1645791823</EndTestTime>
		<ElapsedMinutes>0</ElapsedMinutes>
	</Testing>
</Site>
