In file included from [01m[K/home/jhondl/Documents/universidad/2021/Planificacion/colcon_ws/src/navigation_Roboros/bt_behavior/src/bt_behavior/Move.cpp:20[m[K:
[01m[K/home/jhondl/Documents/universidad/2021/Planificacion/colcon_ws/src/navigation_Roboros/bt_behavior/include/bt_behavior/Move.hpp:27:10:[m[K [01;31m[Kfatal error: [m[Knav2_msgs/odometry.hpp: No such file or directory
   27 | #include [01;31m[K"nav2_msgs/odometry.hpp"[m[K
      |          [01;31m[K^~~~~~~~~~~~~~~~~~~~~~~~[m[K
compilation terminated.
make[2]: *** [CMakeFiles/br2_move_bt_node.dir/build.make:63: CMakeFiles/br2_move_bt_node.dir/src/bt_behavior/Move.cpp.o] Error 1
make[1]: *** [CMakeFiles/Makefile2:181: CMakeFiles/br2_move_bt_node.dir/all] Error 2
make[1]: *** Waiting for unfinished jobs....
make: *** [Makefile:141: all] Error 2
