Start testing: Feb 25 13:23 CET
----------------------------------------------------------
1/9 Testing: copyright
1/9 Test: copyright
Command: "/usr/bin/python3" "-u" "/opt/ros/foxy/share/ament_cmake_test/cmake/run_test.py" "/home/carlos/colcon.ws/src/navigation_Roboros/build/bt_behavior/test_results/bt_behavior/copyright.xunit.xml" "--package-name" "bt_behavior" "--output-file" "/home/carlos/colcon.ws/src/navigation_Roboros/build/bt_behavior/ament_copyright/copyright.txt" "--command" "/opt/ros/foxy/bin/ament_copyright" "--xunit-file" "/home/carlos/colcon.ws/src/navigation_Roboros/build/bt_behavior/test_results/bt_behavior/copyright.xunit.xml"
Directory: /home/carlos/colcon.ws/src/navigation_Roboros/bt_behavior
"copyright" start time: Feb 25 13:23 CET
Output:
----------------------------------------------------------
-- run_test.py: invoking following command in '/home/carlos/colcon.ws/src/navigation_Roboros/bt_behavior':
 - /opt/ros/foxy/bin/ament_copyright --xunit-file /home/carlos/colcon.ws/src/navigation_Roboros/build/bt_behavior/test_results/bt_behavior/copyright.xunit.xml
No problems found, checked 10 files
-- run_test.py: return code 0
-- run_test.py: verify result file '/home/carlos/colcon.ws/src/navigation_Roboros/build/bt_behavior/test_results/bt_behavior/copyright.xunit.xml'
<end of output>
Test time =   0.55 sec
----------------------------------------------------------
Test Passed.
"copyright" end time: Feb 25 13:23 CET
"copyright" time elapsed: 00:00:00
----------------------------------------------------------

2/9 Testing: cppcheck
2/9 Test: cppcheck
Command: "/usr/bin/python3" "-u" "/opt/ros/foxy/share/ament_cmake_test/cmake/run_test.py" "/home/carlos/colcon.ws/src/navigation_Roboros/build/bt_behavior/test_results/bt_behavior/cppcheck.xunit.xml" "--package-name" "bt_behavior" "--output-file" "/home/carlos/colcon.ws/src/navigation_Roboros/build/bt_behavior/ament_cppcheck/cppcheck.txt" "--command" "/opt/ros/foxy/bin/ament_cppcheck" "--xunit-file" "/home/carlos/colcon.ws/src/navigation_Roboros/build/bt_behavior/test_results/bt_behavior/cppcheck.xunit.xml" "--include_dirs" "/home/carlos/colcon.ws/src/navigation_Roboros/bt_behavior/include"
Directory: /home/carlos/colcon.ws/src/navigation_Roboros/bt_behavior
"cppcheck" start time: Feb 25 13:23 CET
Output:
----------------------------------------------------------
-- run_test.py: invoking following command in '/home/carlos/colcon.ws/src/navigation_Roboros/bt_behavior':
 - /opt/ros/foxy/bin/ament_cppcheck --xunit-file /home/carlos/colcon.ws/src/navigation_Roboros/build/bt_behavior/test_results/bt_behavior/cppcheck.xunit.xml --include_dirs /home/carlos/colcon.ws/src/navigation_Roboros/bt_behavior/include
No problems found
-- run_test.py: return code 0
-- run_test.py: verify result file '/home/carlos/colcon.ws/src/navigation_Roboros/build/bt_behavior/test_results/bt_behavior/cppcheck.xunit.xml'
<end of output>
Test time =   0.60 sec
----------------------------------------------------------
Test Passed.
"cppcheck" end time: Feb 25 13:23 CET
"cppcheck" time elapsed: 00:00:00
----------------------------------------------------------

3/9 Testing: cpplint
3/9 Test: cpplint
Command: "/usr/bin/python3" "-u" "/opt/ros/foxy/share/ament_cmake_test/cmake/run_test.py" "/home/carlos/colcon.ws/src/navigation_Roboros/build/bt_behavior/test_results/bt_behavior/cpplint.xunit.xml" "--package-name" "bt_behavior" "--output-file" "/home/carlos/colcon.ws/src/navigation_Roboros/build/bt_behavior/ament_cpplint/cpplint.txt" "--command" "/opt/ros/foxy/bin/ament_cpplint" "--xunit-file" "/home/carlos/colcon.ws/src/navigation_Roboros/build/bt_behavior/test_results/bt_behavior/cpplint.xunit.xml"
Directory: /home/carlos/colcon.ws/src/navigation_Roboros/bt_behavior
"cpplint" start time: Feb 25 13:23 CET
Output:
----------------------------------------------------------
-- run_test.py: invoking following command in '/home/carlos/colcon.ws/src/navigation_Roboros/bt_behavior':
 - /opt/ros/foxy/bin/ament_cpplint --xunit-file /home/carlos/colcon.ws/src/navigation_Roboros/build/bt_behavior/test_results/bt_behavior/cpplint.xunit.xml
Using '--root=..' argument

Done processing /home/carlos/colcon.ws/src/navigation_Roboros/bt_behavior/tests/bt_action_test.cpp

Using '--root=/home/carlos/colcon.ws/src/navigation_Roboros/bt_behavior/include' argument

Done processing /home/carlos/colcon.ws/src/navigation_Roboros/bt_behavior/include/bt_behavior/Move.hpp

Done processing /home/carlos/colcon.ws/src/navigation_Roboros/bt_behavior/include/bt_behavior/Patrol.hpp

Done processing /home/carlos/colcon.ws/src/navigation_Roboros/bt_behavior/include/bt_behavior/ctrl_support/BTActionNode.hpp

Done processing /home/carlos/colcon.ws/src/navigation_Roboros/bt_behavior/include/bt_behavior/ctrl_support/BTLifecycleCtrlNode.hpp

Using '--root=/home/carlos/colcon.ws/src/navigation_Roboros/bt_behavior/src' argument

Done processing /home/carlos/colcon.ws/src/navigation_Roboros/bt_behavior/src/patrolling_main.cpp

Done processing /home/carlos/colcon.ws/src/navigation_Roboros/bt_behavior/src/bt_behavior/Move.cpp

Done processing /home/carlos/colcon.ws/src/navigation_Roboros/bt_behavior/src/bt_behavior/Patrol.cpp

No problems found
-- run_test.py: return code 0
-- run_test.py: verify result file '/home/carlos/colcon.ws/src/navigation_Roboros/build/bt_behavior/test_results/bt_behavior/cpplint.xunit.xml'
<end of output>
Test time =   0.87 sec
----------------------------------------------------------
Test Passed.
"cpplint" end time: Feb 25 13:23 CET
"cpplint" time elapsed: 00:00:00
----------------------------------------------------------

4/9 Testing: flake8
4/9 Test: flake8
Command: "/usr/bin/python3" "-u" "/opt/ros/foxy/share/ament_cmake_test/cmake/run_test.py" "/home/carlos/colcon.ws/src/navigation_Roboros/build/bt_behavior/test_results/bt_behavior/flake8.xunit.xml" "--package-name" "bt_behavior" "--output-file" "/home/carlos/colcon.ws/src/navigation_Roboros/build/bt_behavior/ament_flake8/flake8.txt" "--command" "/opt/ros/foxy/bin/ament_flake8" "--xunit-file" "/home/carlos/colcon.ws/src/navigation_Roboros/build/bt_behavior/test_results/bt_behavior/flake8.xunit.xml"
Directory: /home/carlos/colcon.ws/src/navigation_Roboros/bt_behavior
"flake8" start time: Feb 25 13:23 CET
Output:
----------------------------------------------------------
-- run_test.py: invoking following command in '/home/carlos/colcon.ws/src/navigation_Roboros/bt_behavior':
 - /opt/ros/foxy/bin/ament_flake8 --xunit-file /home/carlos/colcon.ws/src/navigation_Roboros/build/bt_behavior/test_results/bt_behavior/flake8.xunit.xml

1 files checked
No problems found

Checked files:

* ./launch/patrolling.launch.py
-- run_test.py: return code 0
-- run_test.py: verify result file '/home/carlos/colcon.ws/src/navigation_Roboros/build/bt_behavior/test_results/bt_behavior/flake8.xunit.xml'
<end of output>
Test time =   0.74 sec
----------------------------------------------------------
Test Passed.
"flake8" end time: Feb 25 13:23 CET
"flake8" time elapsed: 00:00:00
----------------------------------------------------------

5/9 Testing: lint_cmake
5/9 Test: lint_cmake
Command: "/usr/bin/python3" "-u" "/opt/ros/foxy/share/ament_cmake_test/cmake/run_test.py" "/home/carlos/colcon.ws/src/navigation_Roboros/build/bt_behavior/test_results/bt_behavior/lint_cmake.xunit.xml" "--package-name" "bt_behavior" "--output-file" "/home/carlos/colcon.ws/src/navigation_Roboros/build/bt_behavior/ament_lint_cmake/lint_cmake.txt" "--command" "/opt/ros/foxy/bin/ament_lint_cmake" "--xunit-file" "/home/carlos/colcon.ws/src/navigation_Roboros/build/bt_behavior/test_results/bt_behavior/lint_cmake.xunit.xml"
Directory: /home/carlos/colcon.ws/src/navigation_Roboros/bt_behavior
"lint_cmake" start time: Feb 25 13:23 CET
Output:
----------------------------------------------------------
-- run_test.py: invoking following command in '/home/carlos/colcon.ws/src/navigation_Roboros/bt_behavior':
 - /opt/ros/foxy/bin/ament_lint_cmake --xunit-file /home/carlos/colcon.ws/src/navigation_Roboros/build/bt_behavior/test_results/bt_behavior/lint_cmake.xunit.xml

No problems found
-- run_test.py: return code 0
-- run_test.py: verify result file '/home/carlos/colcon.ws/src/navigation_Roboros/build/bt_behavior/test_results/bt_behavior/lint_cmake.xunit.xml'
<end of output>
Test time =   0.50 sec
----------------------------------------------------------
Test Passed.
"lint_cmake" end time: Feb 25 13:23 CET
"lint_cmake" time elapsed: 00:00:00
----------------------------------------------------------

6/9 Testing: pep257
6/9 Test: pep257
Command: "/usr/bin/python3" "-u" "/opt/ros/foxy/share/ament_cmake_test/cmake/run_test.py" "/home/carlos/colcon.ws/src/navigation_Roboros/build/bt_behavior/test_results/bt_behavior/pep257.xunit.xml" "--package-name" "bt_behavior" "--output-file" "/home/carlos/colcon.ws/src/navigation_Roboros/build/bt_behavior/ament_pep257/pep257.txt" "--command" "/opt/ros/foxy/bin/ament_pep257" "--xunit-file" "/home/carlos/colcon.ws/src/navigation_Roboros/build/bt_behavior/test_results/bt_behavior/pep257.xunit.xml"
Directory: /home/carlos/colcon.ws/src/navigation_Roboros/bt_behavior
"pep257" start time: Feb 25 13:23 CET
Output:
----------------------------------------------------------
-- run_test.py: invoking following command in '/home/carlos/colcon.ws/src/navigation_Roboros/bt_behavior':
 - /opt/ros/foxy/bin/ament_pep257 --xunit-file /home/carlos/colcon.ws/src/navigation_Roboros/build/bt_behavior/test_results/bt_behavior/pep257.xunit.xml
checking ./launch/patrolling.launch.py
No problems found
-- run_test.py: return code 0
-- run_test.py: verify result file '/home/carlos/colcon.ws/src/navigation_Roboros/build/bt_behavior/test_results/bt_behavior/pep257.xunit.xml'
<end of output>
Test time =   0.63 sec
----------------------------------------------------------
Test Passed.
"pep257" end time: Feb 25 13:23 CET
"pep257" time elapsed: 00:00:00
----------------------------------------------------------

7/9 Testing: uncrustify
7/9 Test: uncrustify
Command: "/usr/bin/python3" "-u" "/opt/ros/foxy/share/ament_cmake_test/cmake/run_test.py" "/home/carlos/colcon.ws/src/navigation_Roboros/build/bt_behavior/test_results/bt_behavior/uncrustify.xunit.xml" "--package-name" "bt_behavior" "--output-file" "/home/carlos/colcon.ws/src/navigation_Roboros/build/bt_behavior/ament_uncrustify/uncrustify.txt" "--command" "/opt/ros/foxy/bin/ament_uncrustify" "--xunit-file" "/home/carlos/colcon.ws/src/navigation_Roboros/build/bt_behavior/test_results/bt_behavior/uncrustify.xunit.xml"
Directory: /home/carlos/colcon.ws/src/navigation_Roboros/bt_behavior
"uncrustify" start time: Feb 25 13:23 CET
Output:
----------------------------------------------------------
-- run_test.py: invoking following command in '/home/carlos/colcon.ws/src/navigation_Roboros/bt_behavior':
 - /opt/ros/foxy/bin/ament_uncrustify --xunit-file /home/carlos/colcon.ws/src/navigation_Roboros/build/bt_behavior/test_results/bt_behavior/uncrustify.xunit.xml
No code style divergence in file 'include/bt_behavior/Move.hpp'

No code style divergence in file 'include/bt_behavior/Patrol.hpp'

No code style divergence in file 'include/bt_behavior/ctrl_support/BTActionNode.hpp'

No code style divergence in file 'include/bt_behavior/ctrl_support/BTLifecycleCtrlNode.hpp'

No code style divergence in file 'src/bt_behavior/Move.cpp'

No code style divergence in file 'src/bt_behavior/Patrol.cpp'

No code style divergence in file 'src/patrolling_main.cpp'

No code style divergence in file 'tests/bt_action_test.cpp'

No problems found
-- run_test.py: return code 0
-- run_test.py: verify result file '/home/carlos/colcon.ws/src/navigation_Roboros/build/bt_behavior/test_results/bt_behavior/uncrustify.xunit.xml'
<end of output>
Test time =   0.58 sec
----------------------------------------------------------
Test Passed.
"uncrustify" end time: Feb 25 13:23 CET
"uncrustify" time elapsed: 00:00:00
----------------------------------------------------------

8/9 Testing: xmllint
8/9 Test: xmllint
Command: "/usr/bin/python3" "-u" "/opt/ros/foxy/share/ament_cmake_test/cmake/run_test.py" "/home/carlos/colcon.ws/src/navigation_Roboros/build/bt_behavior/test_results/bt_behavior/xmllint.xunit.xml" "--package-name" "bt_behavior" "--output-file" "/home/carlos/colcon.ws/src/navigation_Roboros/build/bt_behavior/ament_xmllint/xmllint.txt" "--command" "/opt/ros/foxy/bin/ament_xmllint" "--xunit-file" "/home/carlos/colcon.ws/src/navigation_Roboros/build/bt_behavior/test_results/bt_behavior/xmllint.xunit.xml"
Directory: /home/carlos/colcon.ws/src/navigation_Roboros/bt_behavior
"xmllint" start time: Feb 25 13:23 CET
Output:
----------------------------------------------------------
-- run_test.py: invoking following command in '/home/carlos/colcon.ws/src/navigation_Roboros/bt_behavior':
 - /opt/ros/foxy/bin/ament_xmllint --xunit-file /home/carlos/colcon.ws/src/navigation_Roboros/build/bt_behavior/test_results/bt_behavior/xmllint.xunit.xml
File 'package.xml' is valid

File 'behavior_tree_xml/behavior.xml' is valid

No problems found
-- run_test.py: return code 0
-- run_test.py: verify result file '/home/carlos/colcon.ws/src/navigation_Roboros/build/bt_behavior/test_results/bt_behavior/xmllint.xunit.xml'
<end of output>
Test time =   1.30 sec
----------------------------------------------------------
Test Passed.
"xmllint" end time: Feb 25 13:23 CET
"xmllint" time elapsed: 00:00:01
----------------------------------------------------------

9/9 Testing: bt_action_test
9/9 Test: bt_action_test
Command: "/usr/bin/python3" "-u" "/opt/ros/foxy/share/ament_cmake_test/cmake/run_test.py" "/home/carlos/colcon.ws/src/navigation_Roboros/build/bt_behavior/test_results/bt_behavior/bt_action_test.gtest.xml" "--package-name" "bt_behavior" "--output-file" "/home/carlos/colcon.ws/src/navigation_Roboros/build/bt_behavior/ament_cmake_gtest/bt_action_test.txt" "--command" "/home/carlos/colcon.ws/src/navigation_Roboros/build/bt_behavior/tests/bt_action_test" "--gtest_output=xml:/home/carlos/colcon.ws/src/navigation_Roboros/build/bt_behavior/test_results/bt_behavior/bt_action_test.gtest.xml"
Directory: /home/carlos/colcon.ws/src/navigation_Roboros/build/bt_behavior/tests
"bt_action_test" start time: Feb 25 13:23 CET
Output:
----------------------------------------------------------
-- run_test.py: invoking following command in '/home/carlos/colcon.ws/src/navigation_Roboros/build/bt_behavior/tests':
 - /home/carlos/colcon.ws/src/navigation_Roboros/build/bt_behavior/tests/bt_action_test --gtest_output=xml:/home/carlos/colcon.ws/src/navigation_Roboros/build/bt_behavior/test_results/bt_behavior/bt_action_test.gtest.xml
[==========] Running 2 tests from 1 test case.
[----------] Global test environment set-up.
[----------] 2 tests from bt_action
[ RUN      ] bt_action.patrol_btn
Patrol halt
Patrol halt
[       OK ] bt_action.patrol_btn (15142 ms)
[ RUN      ] bt_action.move_btn
[INFO] [1645791816.900491476] [move_btn_node]: Waiting for "navigate_to_pose" action server
[INFO] [1645791816.900736224] [move_btn_node]: "move" BtActionNode initialized
[INFO] [1645791816.902959530] [move_btn_node]: Waiting for "navigate_to_pose" action server
[INFO] [1645791823.101164219] [move_btn_node]: navigation Suceeded
[       OK ] bt_action.move_btn (6335 ms)
[----------] 2 tests from bt_action (21477 ms total)

[----------] Global test environment tear-down
[==========] 2 tests from 1 test case ran. (21477 ms total)
[  PASSED  ] 2 tests.
-- run_test.py: return code 0
-- run_test.py: inject classname prefix into gtest result file '/home/carlos/colcon.ws/src/navigation_Roboros/build/bt_behavior/test_results/bt_behavior/bt_action_test.gtest.xml'
-- run_test.py: verify result file '/home/carlos/colcon.ws/src/navigation_Roboros/build/bt_behavior/test_results/bt_behavior/bt_action_test.gtest.xml'
<end of output>
Test time =  21.69 sec
----------------------------------------------------------
Test Passed.
"bt_action_test" end time: Feb 25 13:23 CET
"bt_action_test" time elapsed: 00:00:21
----------------------------------------------------------

End testing: Feb 25 13:23 CET

copyright =   0.55 sec*proc

cppcheck =   0.60 sec*proc

cpplint =   0.87 sec*proc

flake8 =   0.74 sec*proc

gtest =  21.69 sec*proc

lint_cmake =   0.50 sec*proc

linter =   5.76 sec*proc

pep257 =   0.63 sec*proc

uncrustify =   0.58 sec*proc

xmllint =   1.30 sec*proc

